\BOOKMARK [1][-]{section*.1}{\376\377\000=\000Z\000a\000h\000l\000e\000n\000r\000\344\000u\000m\000e}{}% 1
\BOOKMARK [2][-]{subsection*.2}{\376\377\000\040\000R\000e\000e\000l\000l\000e\000\040\000Z\000a\000h\000l\000e\000n\000\040}{section*.1}% 2
\BOOKMARK [2][-]{subsection*.3}{\376\377\000\040\000S\000c\000h\000r\000a\000n\000k\000e\000n\000\040}{section*.1}% 3
\BOOKMARK [2][-]{subsection*.4}{\376\377\000\040\000A\000b\000s\000o\000l\000u\000t\000b\000e\000t\000r\000a\000g\000\040}{section*.1}% 4
\BOOKMARK [2][-]{subsection*.5}{\376\377\000\040\000K\000o\000m\000p\000l\000e\000x\000e\000\040\000Z\000a\000h\000l\000e\000n\000\040}{section*.1}% 5
\BOOKMARK [1][-]{section*.6}{\376\377\000=\000F\000o\000l\000g\000e\000n\000\040\000u\000n\000d\000\040\000R\000e\000i\000h\000e\000n}{}% 6
\BOOKMARK [2][-]{subsection*.7}{\376\377\000\040\000R\000e\000e\000l\000l\000e\000\040\000F\000o\000l\000g\000e\000n\000\040}{section*.6}% 7
\BOOKMARK [2][-]{subsection*.8}{\376\377\000\040\000K\000o\000m\000p\000l\000e\000x\000e\000\040\000F\000o\000l\000g\000e\000n\000\040}{section*.6}% 8
\BOOKMARK [2][-]{subsection*.9}{\376\377\000\040\000R\000e\000i\000h\000e\000n\000\040}{section*.6}% 9
\BOOKMARK [2][-]{subsection*.10}{\376\377\000\040\000P\000o\000t\000e\000n\000z\000r\000e\000i\000h\000e\000\040}{section*.6}% 10
\BOOKMARK [2][-]{subsection*.11}{\376\377\000\040\000D\000o\000p\000p\000e\000l\000r\000e\000i\000h\000e\000\040}{section*.6}% 11
\BOOKMARK [2][-]{subsection*.12}{\376\377\000\040\000K\000o\000c\000h\000r\000e\000z\000e\000p\000t\000e\000\040\000F\000o\000l\000g\000e\000n\000\040}{section*.6}% 12
\BOOKMARK [2][-]{subsection*.13}{\376\377\000\040\000K\000o\000c\000h\000r\000e\000z\000e\000p\000t\000e\000\040\000R\000e\000i\000h\000e\000n\000\040}{section*.6}% 13
\BOOKMARK [1][-]{section*.14}{\376\377\000=\000S\000t\000e\000t\000i\000g\000k\000e\000i\000t\000\040\000u\000n\000d\000\040\000K\000o\000n\000v\000e\000r\000g\000e\000n\000z}{}% 14
\BOOKMARK [2][-]{subsection*.15}{\376\377\000\040\000K\000o\000n\000v\000e\000r\000g\000e\000n\000z\000\040\000v\000o\000n\000\040\000F\000u\000n\000k\000t\000i\000o\000n\000e\000n\000f\000o\000l\000g\000e\000n\000\040}{section*.14}% 15
\BOOKMARK [2][-]{subsection*.16}{\376\377\000\040\000K\000o\000n\000v\000e\000r\000g\000e\000n\000z\000\040\000v\000o\000n\000\040\000F\000o\000l\000g\000e\000n\000\040\000u\000n\000d\000\040\000R\000e\000i\000h\000e\000n\000\040}{section*.14}% 16
\BOOKMARK [2][-]{subsection*.17}{\376\377\000\040\000G\000r\000e\000n\000z\000w\000e\000r\000t\000e\000\040\000v\000o\000n\000\040\000F\000u\000n\000k\000t\000i\000o\000n\000e\000n\000\040}{section*.14}% 17
\BOOKMARK [2][-]{subsection*.18}{\376\377\000\040\000E\000x\000p\000o\000n\000e\000n\000t\000i\000a\000l\000f\000u\000n\000k\000t\000i\000o\000n\000\040}{section*.14}% 18
\BOOKMARK [2][-]{subsection*.19}{\376\377\000\040\000T\000r\000i\000g\000o\000n\000o\000m\000e\000t\000r\000i\000s\000c\000h\000e\000\040\000F\000u\000n\000k\000t\000i\000o\000n\000e\000n\000\040}{section*.14}% 19
\BOOKMARK [2][-]{subsection*.20}{\376\377\000\040\000K\000o\000c\000h\000r\000e\000z\000e\000p\000t\000e\000\040\000S\000t\000e\000t\000i\000g\000k\000e\000i\000t\000\040\000u\000n\000d\000\040\000K\000o\000n\000v\000e\000r\000g\000e\000n\000z\000\040}{section*.14}% 20
\BOOKMARK [1][-]{section*.21}{\376\377\000=\000D\000i\000f\000f\000e\000r\000e\000n\000z\000i\000a\000l\000r\000e\000c\000h\000n\000u\000n\000g}{}% 21
\BOOKMARK [2][-]{subsection*.22}{\376\377\000\040\000A\000n\000a\000l\000y\000s\000e\000\040\000v\000o\000n\000\040\000F\000u\000n\000k\000t\000i\000o\000n\000e\000n\000\040}{section*.21}% 22
\BOOKMARK [2][-]{subsection*.23}{\376\377\000\040\000H\000\366\000h\000e\000r\000e\000\040\000A\000b\000l\000e\000i\000t\000u\000n\000g\000e\000n\000\040}{section*.21}% 23
\BOOKMARK [2][-]{subsection*.24}{\376\377\000\040\000P\000o\000t\000e\000n\000z\000r\000e\000i\000h\000e\000n\000\040}{section*.21}% 24
\BOOKMARK [2][-]{subsection*.25}{\376\377\000\040\000K\000o\000c\000h\000r\000e\000z\000e\000p\000t\000e\000\040\000D\000i\000f\000f\000e\000r\000e\000n\000z\000i\000a\000l\000\040}{section*.21}% 25
\BOOKMARK [1][-]{section*.26}{\376\377\000=\000I\000n\000t\000e\000g\000r\000a\000l\000r\000e\000c\000h\000n\000u\000n\000g}{}% 26
\BOOKMARK [2][-]{subsection*.27}{\376\377\000\040\000K\000o\000c\000h\000r\000e\000z\000e\000p\000t\000e\000\040\000I\000n\000t\000e\000g\000r\000a\000l\000\040}{section*.26}% 27
\BOOKMARK [1][-]{section*.28}{\376\377\000A\000n\000h\000a\000n\000g}{}% 28
\BOOKMARK [2][-]{subsection*.29}{\376\377\000T\000r\000i\000g\000o\000n\000o\000m\000e\000t\000r\000i\000e}{section*.28}% 29
\BOOKMARK [3][-]{subsubsection*.30}{\376\377\000P\000e\000r\000i\000o\000d\000i\000z\000i\000t\000\344\000t}{subsection*.29}% 30
\BOOKMARK [3][-]{subsubsection*.31}{\376\377\000P\000a\000r\000i\000t\000\344\000t}{subsection*.29}% 31
\BOOKMARK [3][-]{subsubsection*.32}{\376\377\000E\000r\000g\000\344\000n\000z\000u\000n\000g}{subsection*.29}% 32
\BOOKMARK [3][-]{subsubsection*.33}{\376\377\000K\000o\000m\000p\000l\000e\000m\000e\000n\000t\000e}{subsection*.29}% 33
\BOOKMARK [3][-]{subsubsection*.34}{\376\377\000D\000o\000p\000p\000e\000l\000w\000i\000n\000k\000e\000l}{subsection*.29}% 34
\BOOKMARK [3][-]{subsubsection*.35}{\376\377\000A\000d\000d\000i\000t\000i\000o\000n}{subsection*.29}% 35
\BOOKMARK [3][-]{subsubsection*.36}{\376\377\000S\000u\000b\000t\000r\000a\000k\000t\000i\000o\000n}{subsection*.29}% 36
\BOOKMARK [3][-]{subsubsection*.37}{\376\377\000M\000u\000l\000t\000i\000p\000l\000i\000k\000a\000t\000i\000o\000n}{subsection*.29}% 37
\BOOKMARK [3][-]{subsubsection*.38}{\376\377\000P\000o\000t\000e\000n\000z\000e\000n}{subsection*.29}% 38
\BOOKMARK [3][-]{subsubsection*.39}{\376\377\000R\000e\000d\000u\000k\000t\000i\000o\000n}{subsection*.29}% 39
\BOOKMARK [3][-]{subsubsection*.40}{\376\377\000D\000i\000v\000e\000r\000s\000e}{subsection*.29}% 40
\BOOKMARK [3][-]{subsubsection*.41}{\376\377\000W\000e\000r\000t\000e}{subsection*.29}% 41
\BOOKMARK [3][-]{subsubsection*.42}{\376\377\000D\000o\000m\000a\000i\000n}{subsection*.29}% 42
\BOOKMARK [3][-]{subsubsection*.43}{\376\377\000G\000r\000a\000p\000h}{subsection*.29}% 43
\BOOKMARK [2][-]{subsection*.44}{\376\377\000G\000r\000e\000n\000z\000w\000e\000r\000t\000e}{section*.28}% 44
\BOOKMARK [2][-]{subsection*.45}{\376\377\000R\000e\000i\000h\000e\000n}{section*.28}% 45
\BOOKMARK [2][-]{subsection*.46}{\376\377\000A\000b\000l\000e\000i\000t\000u\000n\000g\000e\000n}{section*.28}% 46
\BOOKMARK [3][-]{subsubsection*.47}{\376\377\000B\000e\000s\000o\000n\000d\000e\000r\000s\000\040\000h\000\344\000s\000s\000l\000i\000c\000h\000e\000\040\000A\000b\000l\000e\000i\000t\000u\000n\000g\000e\000n}{subsection*.46}% 47
\BOOKMARK [2][-]{subsection*.48}{\376\377\000T\000a\000y\000l\000o\000r\000p\000o\000l\000y\000n\000o\000m\000e\000\040}{section*.28}% 48
\BOOKMARK [2][-]{subsection*.49}{\376\377\000I\000n\000t\000e\000g\000r\000a\000l\000e}{section*.28}% 49
\BOOKMARK [2][-]{subsection*.50}{\376\377\000y\000e\000l\000l\000o\000w\000!\0003\0000\000W\000i\000c\000h\000t\000i\000g}{section*.28}% 50
\BOOKMARK [2][-]{subsection*.51}{\376\377\000B\000e\000i\000s\000p\000i\000e\000l\000e}{section*.28}% 51
\BOOKMARK [2][-]{subsection*.57}{\376\377\000M\000u\000l\000t\000i\000p\000l\000e\000\040\000C\000h\000o\000i\000c\000e}{section*.28}% 52
